<?xml version="1.0" encoding="UTF-8"?>
<!-- Generated by org.testng.reporters.JUnitReportReporter -->
<testsuite hostname="Suvrajit-PC" name="TestNGFeature.GroupingTest" tests="1" failures="0" timestamp="29 Jan 2019 23:44:34 GMT" time="0.093" errors="0">
  <testcase name="Feature" time="0.093" classname="TestNGFeature.GroupingTest"/>
</testsuite> <!-- TestNGFeature.GroupingTest -->
