<?xml version="1.0" encoding="UTF-8"?>
<!-- Generated by org.testng.reporters.JUnitReportReporter -->
<testsuite hostname="Suvrajit-PC" name="TestNGFeature.PaymentReturn" tests="1" failures="0" timestamp="26 Jan 2019 11:27:57 GMT" time="0.004" errors="0">
  <testcase name="paymentreturnedBybank" time="0.004" classname="TestNGFeature.PaymentReturn"/>
</testsuite> <!-- TestNGFeature.PaymentReturn -->
