<?xml version="1.0" encoding="UTF-8"?>
<!-- Generated by org.testng.reporters.JUnitReportReporter -->
<testsuite hostname="Suvrajit-PC" name="TestNGFeature.SignupTest" tests="3" failures="0" timestamp="26 Jan 2019 09:42:07 GMT" time="0.070" errors="0">
  <testcase name="signupviaTwitter" time="0.004" classname="TestNGFeature.SignupTest"/>
  <testcase name="signupviaEmail" time="0.063" classname="TestNGFeature.SignupTest"/>
  <testcase name="signupviaFacebook" time="0.003" classname="TestNGFeature.SignupTest"/>
</testsuite> <!-- TestNGFeature.SignupTest -->
