<?xml version="1.0" encoding="UTF-8"?>
<!-- Generated by org.testng.reporters.JUnitReportReporter -->
<testsuite hostname="Suvrajit-PC" name="TestNGFeature.LearningDataparameter" tests="9" failures="0" timestamp="2 Jul 2019 15:45:56 GMT" time="0.129" errors="0">
  <testcase name="registeruser1" time="0.003" classname="TestNGFeature.LearningDataparameter"/>
  <testcase name="loginuser" time="0.014" classname="TestNGFeature.LearningDataparameter"/>
  <testcase name="registeruser" time="0.003" classname="TestNGFeature.LearningDataparameter"/>
  <testcase name="registeruser1" time="0.004" classname="TestNGFeature.LearningDataparameter"/>
  <testcase name="loginuser" time="0.004" classname="TestNGFeature.LearningDataparameter"/>
  <testcase name="registeruser1" time="0.003" classname="TestNGFeature.LearningDataparameter"/>
  <testcase name="registeruser" time="0.002" classname="TestNGFeature.LearningDataparameter"/>
  <testcase name="loginuser" time="0.092" classname="TestNGFeature.LearningDataparameter"/>
  <testcase name="registeruser" time="0.004" classname="TestNGFeature.LearningDataparameter"/>
</testsuite> <!-- TestNGFeature.LearningDataparameter -->
