<?xml version="1.0" encoding="UTF-8"?>
<!-- Generated by org.testng.reporters.JUnitReportReporter -->
<testsuite hostname="Suvrajit-PC" name="TestNGFeature.PaymentTest" tests="2" failures="0" timestamp="26 Jan 2019 11:27:57 GMT" time="0.008" errors="0">
  <testcase name="PayementinDollar" time="0.005" classname="TestNGFeature.PaymentTest"/>
  <testcase name="PayementinRupess" time="0.003" classname="TestNGFeature.PaymentTest"/>
</testsuite> <!-- TestNGFeature.PaymentTest -->
