<?xml version="1.0" encoding="UTF-8"?>
<!-- Generated by org.testng.reporters.JUnitReportReporter -->
<testsuite hostname="Suvrajit-PC" name="TestNGFeature.annotation" tests="2" failures="0" timestamp="26 Jan 2019 11:27:57 GMT" time="0.012" errors="0">
  <testcase name="test1" time="0.005" classname="TestNGFeature.annotation"/>
  <testcase name="test2" time="0.007" classname="TestNGFeature.annotation"/>
</testsuite> <!-- TestNGFeature.annotation -->
