<?xml version="1.0" encoding="UTF-8"?>
<!-- Generated by org.testng.reporters.JUnitReportReporter -->
<testsuite hostname="Suvrajit-PC" name="TestNGFeature.annotation2" tests="1" failures="0" timestamp="26 Jan 2019 11:27:57 GMT" time="0.023" errors="0">
  <testcase name="test3" time="0.023" classname="TestNGFeature.annotation2"/>
</testsuite> <!-- TestNGFeature.annotation2 -->
