<?xml version="1.0" encoding="UTF-8"?>
<!-- Generated by org.testng.reporters.JUnitReportReporter -->
<testsuite name="cRMAPIpckg.Tokengeneration" tests="1" time="1.899" ignored="0" failures="0" timestamp="01 Sep 2019 15:00:02 GMT" skipped="0" hostname="E0452759" errors="0">
  <testcase name="TokenGen" time="1.899" classname="cRMAPIpckg.Tokengeneration"/>
</testsuite> <!-- cRMAPIpckg.Tokengeneration -->
