<?xml version="1.0" encoding="UTF-8"?>
<!-- Generated by org.testng.reporters.JUnitReportReporter -->
<testsuite name="cRMAPIpckg.BillingNotification" tests="6" time="15.057" ignored="0" failures="0" timestamp="28 Aug 2019 07:43:32 GMT" skipped="0" hostname="E0452759" errors="0">
  <testcase name="OADetails" time="0.520" classname="cRMAPIpckg.BillingNotification"/>
  <testcase name="UserDetails" time="3.178" classname="cRMAPIpckg.BillingNotification"/>
  <testcase name="OACount" time="0.176" classname="cRMAPIpckg.BillingNotification"/>
  <testcase name="AoSOMdb" time="9.734" classname="cRMAPIpckg.BillingNotification"/>
  <testcase name="TokenGen" time="1.440" classname="cRMAPIpckg.BillingNotification"/>
  <testcase name="NotifyBilling" time="0.009" classname="cRMAPIpckg.BillingNotification"/>
</testsuite> <!-- cRMAPIpckg.BillingNotification -->
