<?xml version="1.0" encoding="UTF-8"?>
<!-- Generated by org.testng.reporters.JUnitReportReporter -->
<testsuite name="cRMAPIpckg.CRMAPI" tests="1" time="1.351" ignored="0" failures="0" timestamp="01 Sep 2019 14:24:04 GMT" skipped="0" hostname="E0452759" errors="0">
  <testcase name="RetriveBillingAccount" time="1.351" classname="cRMAPIpckg.CRMAPI"/>
</testsuite> <!-- cRMAPIpckg.CRMAPI -->
